Running: fuse.exe -relaunch -intstyle "ise" -incremental -lib "unisims_ver" -lib "unimacro_ver" -lib "xilinxcorelib_ver" -o "C:/Users/User/Desktop/1lab MKC/Decoder/My2To4Decoder_isim_beh.exe" -prj "C:/Users/User/Desktop/1lab MKC/Decoder/My2To4Decoder_beh.prj" "work.My2To4Decoder" "work.glbl" 
ISim P.20131013 (signature 0x7708f090)
Number of CPUs detected in this system: 2
Turning on mult-threading, number of parallel sub-compilation jobs: 4 
Determining compilation order of HDL files
Analyzing Verilog file "C:/Users/User/Desktop/1lab MKC/Decoder/My2To4Decoder.vf" into library work
Analyzing Verilog file "C:/Xilinx/14.7/ISE_DS/ISE//verilog/src/glbl.v" into library work
Starting static elaboration
Completed static elaboration
Compiling module AND4B4
Compiling module AND4
Compiling module OR2
Compiling module AND3
Compiling module AND4B3
Compiling module OR3B1
Compiling module AND3B3
Compiling module AND3B2
Compiling module AND3B1
Compiling module AND4B2
Compiling module OR4
Compiling module BUF
Compiling module My2To4Decoder
Compiling module glbl
Time Resolution for simulation is 1ps.
Waiting for 11 sub-compilation(s) to finish...
Compiled 14 Verilog Units
Built simulation executable C:/Users/User/Desktop/1lab MKC/Decoder/My2To4Decoder_isim_beh.exe
Fuse Memory Usage: 27240 KB
Fuse CPU Usage: 890 ms
