ISim log file
Running: C:\Users\User\Desktop\1lab MKC\Decoder\My2To4Decoder_isim_beh.exe -intstyle ise -gui -tclbatch isim.cmd -wdb C:/Users/User/Desktop/1lab MKC/Decoder/My2To4Decoder_isim_beh.wdb 
ISim P.20131013 (signature 0x7708f090)
WARNING: A WEBPACK license was found.
WARNING: Please use Xilinx License Configuration Manager to check out a full ISim license.
WARNING: ISim will run in Lite mode. Please refer to the ISim documentation for more information on the differences between the Lite and the Full version.
This is a Lite version of ISim.
Time resolution is 1 ps
# onerror resume
# wave add /
# run 1000 ns
Simulator is doing circuit initialization process.
Finished circuit initialization process.
# restart
# isim force add /My2To4Decoder/IN_3 1 -radix bin
# isim force add /My2To4Decoder/IN_2 0 -radix bin
# isim force add /My2To4Decoder/IN_1 0 -radix bin
# isim force add /My2To4Decoder/IN_0 0 -radix bin
# run 1.00ps
Simulator is doing circuit initialization process.
Finished circuit initialization process.
# isim force add /My2To4Decoder/IN_3 0 -radix bin
# restart
# isim force add /My2To4Decoder/IN_0 0 -radix bin
# isim force add /My2To4Decoder/IN_1 0 -radix bin
# isim force add /My2To4Decoder/IN_2 0 -radix bin
# isim force add /My2To4Decoder/IN_3 0 -radix bin
# run 1.00ps
Simulator is doing circuit initialization process.
Finished circuit initialization process.
# isim force add /My2To4Decoder/IN_0 1 -radix bin
# run 1.00ps
# isim force add /My2To4Decoder/IN_0 0 -radix bin
# isim force add /My2To4Decoder/IN_1 1 -radix bin
# run 1.00ps
# isim force add /My2To4Decoder/IN_0 1 -radix bin
# run 1.00ps
# isim force add /My2To4Decoder/IN_0 0 -radix bin
# isim force add /My2To4Decoder/IN_1 0 -radix bin
# isim force add /My2To4Decoder/IN_2 1 -radix bin
# run 1.00ps
# isim force add /My2To4Decoder/IN_0 1 -radix bin
# run 1.00ps
# isim force add /My2To4Decoder/IN_0 0 -radix bin
# isim force add /My2To4Decoder/IN_1 1 -radix bin
# run 1.00ps
# isim force add /My2To4Decoder/IN_0 1 -radix bin
# run 1.00ps
# isim force add /My2To4Decoder/IN_0 0 -radix bin
# isim force add /My2To4Decoder/IN_1 0 -radix bin
# isim force add /My2To4Decoder/IN_2 0 -radix bin
# isim force add /My2To4Decoder/IN_3 1 -radix bin
# run 1.00ps
# isim force add /My2To4Decoder/IN_0 1 -radix bin
# run 1.00ps
# isim force add /My2To4Decoder/IN_0 0 -radix bin
# isim force add /My2To4Decoder/IN_1 1 -radix bin
# run 1.00ps
# isim force add /My2To4Decoder/IN_0 1 -radix bin
# run 1.00ps
# isim force add /My2To4Decoder/IN_1 0 -radix bin
# isim force add /My2To4Decoder/IN_0 0 -radix bin
# isim force add /My2To4Decoder/IN_2 1 -radix bin
# run 1.00ps
# isim force add /My2To4Decoder/IN_0 1 -radix bin
# run 1.00ps
# isim force add /My2To4Decoder/IN_0 0 -radix bin
# isim force add /My2To4Decoder/IN_1 1 -radix bin
# run 1.00ps
# isim force add /My2To4Decoder/IN_0 1 -radix bin
# run 1.00ps
ISim P.20131013 (signature 0x7708f090)
WARNING: A WEBPACK license was found.
WARNING: Please use Xilinx License Configuration Manager to check out a full ISim license.
WARNING: ISim will run in Lite mode. Please refer to the ISim documentation for more information on the differences between the Lite and the Full version.
This is a Lite version of ISim.
# run 1000 ns
Simulator is doing circuit initialization process.
Finished circuit initialization process.
# isim force add /My2To4Decoder/IN_0 0 -radix bin -value 1 -radix bin -time 8 ps -repeat 16 ps
# isim force add /My2To4Decoder/IN_1 0 -radix bin -value 1 -radix bin -time 4 ps -repeat 8 ps
# isim force add /My2To4Decoder/IN_2 1 -radix bin -value 0 -radix bin -time 2 ps -repeat 4 ps
# isim force add /My2To4Decoder/IN_2 0 -radix bin -value 1 -radix bin -time 2 ps -repeat 4 ps
# isim force add /My2To4Decoder/IN_3 0 -radix bin -value 1 -radix bin -time 1 ps -repeat 2 ps
# run 16.00ps
ISim P.20131013 (signature 0x7708f090)
WARNING: A WEBPACK license was found.
WARNING: Please use Xilinx License Configuration Manager to check out a full ISim license.
WARNING: ISim will run in Lite mode. Please refer to the ISim documentation for more information on the differences between the Lite and the Full version.
This is a Lite version of ISim.
# run 1000 ns
Simulator is doing circuit initialization process.
Finished circuit initialization process.
# isim force add /My2To4Decoder/IN_0 0 -radix bin -value 1 -radix bin -time 1 ps -repeat 2 ps
# isim force add /My2To4Decoder/IN_1 0 -radix bin -value 1 -radix bin -time 2 ps -repeat 4 ps
# isim force add /My2To4Decoder/IN_2 0 -radix bin -value 1 -radix bin -time 4 ps -repeat 8 ps
# isim force add /My2To4Decoder/IN_3 0 -radix bin -value 1 -radix bin -time 8 ps -repeat 16 ps
# run 16.00ps
# run 16.00us
The simulator has terminated in an unexpected manner.  Please review the ISim log (isim.log) for details.
ISim P.20131013 (signature 0x7708f090)
WARNING: A WEBPACK license was found.
WARNING: Please use Xilinx License Configuration Manager to check out a full ISim license.
WARNING: ISim will run in Lite mode. Please refer to the ISim documentation for more information on the differences between the Lite and the Full version.
This is a Lite version of ISim.
# run 1000 ns
Simulator is doing circuit initialization process.
Finished circuit initialization process.
# run 16.00us
# restart
# isim force add /My2To4Decoder/IN_0 0 -radix bin -value 1 -radix bin -time 1 ps -repeat 2 ps
# isim force add /My2To4Decoder/IN_1 0 -radix bin -value 1 -radix bin -time 2 ps -repeat 4 ps
# isim force add /My2To4Decoder/IN_2 0 -radix bin -value 1 -radix bin -time 4 ps -repeat 8 ps
# isim force add /My2To4Decoder/IN_3 0 -radix bin -value 1 -radix bin -time 8 ps -repeat 16 ps
# run 16.00us
Simulator is doing circuit initialization process.
Finished circuit initialization process.
